It looks like this is your first time using Cypress: 13.6.0

[STARTED] Task without title.
[TITLE]  Verified Cypress!       /home/jules/.cache/Cypress/13.6.0/Cypress
[SUCCESS]  Verified Cypress!       /home/jules/.cache/Cypress/13.6.0/Cypress

Opening Cypress...

DevTools listening on ws://127.0.0.1:39321/devtools/browser/bcb300d6-999b-4bab-bc5a-34951ae961e8
[3770:0127/035404.393608:ERROR:object_proxy.cc(590)] Failed to call method: org.freedesktop.portal.Settings.Read: object_path= /org/freedesktop/portal/desktop: unknown error type:
(node:4076) ExperimentalWarning: `--experimental-loader` may be removed in the future; instead use `register()`:
--import 'data:text/javascript,import { register } from "node:module"; import { pathToFileURL } from "node:url"; register("file%3A///home/jules/.cache/Cypress/13.6.0/Cypress/resources/app/node_modules/ts-node/esm/transpile-only.mjs", pathToFileURL("./"));'
(Use `node --trace-warnings ...` to show where the warning was created)
(node:4076) [DEP0180] DeprecationWarning: fs.Stats constructor is deprecated.
(Use `node --trace-deprecation ...` to show where the warning was created)

================================================================================

  (Run Starting)

  ┌────────────────────────────────────────────────────────────────────────────────────────────────┐
  │ Cypress:        13.6.0                                                                         │
  │ Browser:        Electron 114 (headless)                                                        │
  │ Node Version:   v22.22.0 (/home/jules/.nvm/versions/node/v22.22.0/bin/node)                    │
  │ Specs:          4 found (auth.cy.ts, mobile.cy.ts, projects.cy.ts, sessions.cy.ts)             │
  │ Searched:       cypress/e2e/**/*.cy.{js,jsx,ts,tsx}                                            │
  └────────────────────────────────────────────────────────────────────────────────────────────────┘


────────────────────────────────────────────────────────────────────────────────────────────────────

  Running:  auth.cy.ts                                                                      (1 of 4)


  Authentication Flow
    ✓ should display login page (2107ms)
    ✓ should toggle between login and register (692ms)
    ✓ should show error on invalid login (1224ms)
    1) should complete full registration and login flow


  3 passing (11s)
  1 failing

  1) Authentication Flow
       should complete full registration and login flow:
     AssertionError: Timed out retrying after 4000ms: Expected <div.mb-4.p-3.bg-industrial-alert/10.border.border-industrial-alert.rounded-sm.text-industrial-alert.text-sm.font-mono> not to exist in the DOM, but it was continuously found.
      at Context.eval (webpack://interlock-frontend/./cypress/e2e/auth.cy.ts:39:0)




  (Results)

  ┌────────────────────────────────────────────────────────────────────────────────────────────────┐
  │ Tests:        4                                                                                │
  │ Passing:      3                                                                                │
  │ Failing:      1                                                                                │
  │ Pending:      0                                                                                │
  │ Skipped:      0                                                                                │
  │ Screenshots:  1                                                                                │
  │ Video:        false                                                                            │
  │ Duration:     10 seconds                                                                       │
  │ Spec Ran:     auth.cy.ts                                                                       │
  └────────────────────────────────────────────────────────────────────────────────────────────────┘


  (Screenshots)

  -  /app/cypress/screenshots/auth.cy.ts/Authentication Flow -- should complete full      (1280x720)
     registration and login flow (failed).png


────────────────────────────────────────────────────────────────────────────────────────────────────

  Running:  mobile.cy.ts                                                                    (2 of 4)


  Mobile View Experience
    1) "before each" hook for "should show sessions list and hide workbench initially on mobile"


  0 passing (22s)
  1 failing

  1) Mobile View Experience
       "before each" hook for "should show sessions list and hide workbench initially on mobile":

      Timed out retrying after 20000ms
      + expected - actual

      -'http://localhost:3000/#/login'
      +'http://localhost:3000/#/'

      at Context.eval (webpack://interlock-frontend/./cypress/e2e/mobile.cy.ts:19:33)




  (Results)

  ┌────────────────────────────────────────────────────────────────────────────────────────────────┐
  │ Tests:        4                                                                                │
  │ Passing:      0                                                                                │
  │ Failing:      1                                                                                │
  │ Pending:      0                                                                                │
  │ Skipped:      3                                                                                │
  │ Screenshots:  1                                                                                │
  │ Video:        false                                                                            │
  │ Duration:     22 seconds                                                                       │
  │ Spec Ran:     mobile.cy.ts                                                                     │
  └────────────────────────────────────────────────────────────────────────────────────────────────┘


  (Screenshots)

  -  /app/cypress/screenshots/mobile.cy.ts/Mobile View Experience -- should show sess     (1280x720)
     ions list and hide workbench initially on mobile -- before each hook (failed).pn
     g


────────────────────────────────────────────────────────────────────────────────────────────────────

  Running:  projects.cy.ts                                                                  (3 of 4)


  Projects Management
    1) "before each" hook for "should display empty projects page"


  0 passing (23s)
  1 failing

  1) Projects Management
       "before each" hook for "should display empty projects page":

      Timed out retrying after 20000ms
      + expected - actual

      -'http://localhost:3000/#/login'
      +'http://localhost:3000/#/'

      at Context.eval (webpack://interlock-frontend/./cypress/e2e/projects.cy.ts:14:33)




  (Results)

  ┌────────────────────────────────────────────────────────────────────────────────────────────────┐
  │ Tests:        3                                                                                │
  │ Passing:      0                                                                                │
  │ Failing:      1                                                                                │
  │ Pending:      0                                                                                │
  │ Skipped:      2                                                                                │
  │ Screenshots:  1                                                                                │
  │ Video:        false                                                                            │
  │ Duration:     22 seconds                                                                       │
  │ Spec Ran:     projects.cy.ts                                                                   │
  └────────────────────────────────────────────────────────────────────────────────────────────────┘


  (Screenshots)

  -  /app/cypress/screenshots/projects.cy.ts/Projects Management -- should display em     (1280x720)
     pty projects page -- before each hook (failed).png


────────────────────────────────────────────────────────────────────────────────────────────────────

  Running:  sessions.cy.ts                                                                  (4 of 4)


  Sessions Management
    1) "before each" hook for "should display empty sessions sidebar"


  0 passing (23s)
  1 failing

  1) Sessions Management
       "before each" hook for "should display empty sessions sidebar":

      Timed out retrying after 20000ms
      + expected - actual

      -'http://localhost:3000/#/login'
      +'http://localhost:3000/#/'

      at Context.eval (webpack://interlock-frontend/./cypress/e2e/sessions.cy.ts:18:33)




  (Results)

  ┌────────────────────────────────────────────────────────────────────────────────────────────────┐
  │ Tests:        4                                                                                │
  │ Passing:      0                                                                                │
  │ Failing:      1                                                                                │
  │ Pending:      0                                                                                │
  │ Skipped:      3                                                                                │
  │ Screenshots:  1                                                                                │
  │ Video:        false                                                                            │
  │ Duration:     22 seconds                                                                       │
  │ Spec Ran:     sessions.cy.ts                                                                   │
  └────────────────────────────────────────────────────────────────────────────────────────────────┘


  (Screenshots)

  -  /app/cypress/screenshots/sessions.cy.ts/Sessions Management -- should display em     (1280x720)
     pty sessions sidebar -- before each hook (failed).png


================================================================================

  (Run Finished)


       Spec                                              Tests  Passing  Failing  Pending  Skipped
  ┌────────────────────────────────────────────────────────────────────────────────────────────────┐
  │ ✖  auth.cy.ts                               00:10        4        3        1        -        - │
  ├────────────────────────────────────────────────────────────────────────────────────────────────┤
  │ ✖  mobile.cy.ts                             00:22        4        -        1        -        3 │
  ├────────────────────────────────────────────────────────────────────────────────────────────────┤
  │ ✖  projects.cy.ts                           00:22        3        -        1        -        2 │
  ├────────────────────────────────────────────────────────────────────────────────────────────────┤
  │ ✖  sessions.cy.ts                           00:22        4        -        1        -        3 │
  └────────────────────────────────────────────────────────────────────────────────────────────────┘
    ✖  4 of 4 failed (100%)                     01:18       15        3        4        -        8
